[23:41:38] [ServerMain/INFO]: Environment: Environment[sessionHost=https://sessionserver.mojang.com, servicesHost=https://api.minecraftservices.com, name=PROD]
[23:41:39] [ServerMain/INFO]: No existing world data, creating new world
[23:41:40] [ServerMain/INFO]: Loaded 1407 recipes
[23:41:40] [ServerMain/INFO]: Loaded 1520 advancements
[23:41:40] [Server thread/INFO]: Starting minecraft server version 1.21.8
[23:41:40] [Server thread/INFO]: Loading properties
[23:41:40] [Server thread/INFO]: Default game type: SURVIVAL
[23:41:40] [Server thread/INFO]: Generating keypair
[23:41:40] [Server thread/INFO]: Starting Minecraft server on *:25565
[23:41:40] [Server thread/INFO]: Using epoll channel type
[23:41:40] [Server thread/WARN]: **** SERVER IS RUNNING IN OFFLINE/INSECURE MODE!
[23:41:40] [Server thread/WARN]: The server will make no attempt to authenticate usernames. Beware.
[23:41:40] [Server thread/WARN]: While this makes the game possible to play without internet access, it also opens up the ability for hackers to connect with any username they choose.
[23:41:40] [Server thread/WARN]: To change this, set "online-mode" to "true" in the server.properties file.
[23:41:40] [Server thread/INFO]: Preparing level "world"
[23:41:47] [Server thread/INFO]: Preparing start region for dimension minecraft:overworld
[23:41:47] [Worker-Main-2/INFO]: Preparing spawn area: 2%
[23:41:47] [Worker-Main-3/INFO]: Preparing spawn area: 2%
[23:41:48] [Worker-Main-1/INFO]: Preparing spawn area: 2%
[23:41:48] [Worker-Main-2/INFO]: Preparing spawn area: 18%
[23:41:49] [Worker-Main-3/INFO]: Preparing spawn area: 18%
[23:41:49] [Worker-Main-2/INFO]: Preparing spawn area: 18%
[23:41:50] [Worker-Main-2/INFO]: Preparing spawn area: 18%
[23:41:50] [Worker-Main-3/INFO]: Preparing spawn area: 51%
[23:41:51] [Worker-Main-3/INFO]: Preparing spawn area: 51%
[23:41:51] [Server thread/INFO]: Time elapsed: 4232 ms
[23:41:51] [Server thread/INFO]: Done (10.844s)! For help, type "help"
[23:42:51] [Server thread/INFO]: Server empty for 60 seconds, pausing
[23:46:44] [Server thread/INFO]: Unknown or incomplete command, see below for error
[23:46:44] [Server thread/INFO]: <--[HERE]
[23:46:49] [Server thread/INFO]: Unknown or incomplete command, see below for error
[23:46:49] [Server thread/INFO]: <--[HERE]
[23:46:55] [Server thread/INFO]: Unknown or incomplete command, see below for error
[23:46:55] [Server thread/INFO]: 2<--[HERE]
[23:51:25] [Server thread/INFO]: Unknown or incomplete command, see below for error
[23:51:25] [Server thread/INFO]: <--[HERE]
[23:51:56] [Server thread/INFO]: Unknown or incomplete command, see below for error
[23:51:56] [Server thread/INFO]: <--[HERE]
[23:52:49] [Server thread/INFO]: Unknown or incomplete command, see below for error
[23:52:49] [Server thread/INFO]: u<--[HERE]
[23:54:12] [Server thread/INFO]: Unknown or incomplete command, see below for error
[23:54:12] [Server thread/INFO]: <--[HERE]
[23:54:38] [Server thread/INFO]: Unknown or incomplete command, see below for error
[23:54:38] [Server thread/INFO]: 	hel<--[HERE]
